[2022-03-08 21:35:58] laravel.EMERGENCY: Unable to create configured logger. Using emergency logger. {"exception":"[object] (InvalidArgumentException(code: 0): Log [default] is not defined. at /home/pdawson/Projects/lightwave/testing/vendor/laravel/framework/src/Illuminate/Log/LogManager.php:200)
[stacktrace]
#0 /home/pdawson/Projects/lightwave/testing/vendor/laravel/framework/src/Illuminate/Log/LogManager.php(125): Illuminate\\Log\\LogManager->resolve()
#1 /home/pdawson/Projects/lightwave/testing/vendor/laravel/framework/src/Illuminate/Log/LogManager.php(112): Illuminate\\Log\\LogManager->get()
#2 /home/pdawson/Projects/lightwave/testing/vendor/laravel/framework/src/Illuminate/Log/LogManager.php(590): Illuminate\\Log\\LogManager->driver()
#3 /home/pdawson/Projects/lightwave/testing/vendor/laravel/framework/src/Illuminate/Foundation/Exceptions/Handler.php(249): Illuminate\\Log\\LogManager->error()
#4 /home/pdawson/Projects/lightwave/testing/vendor/nunomaduro/collision/src/Adapters/Laravel/ExceptionHandler.php(46): Illuminate\\Foundation\\Exceptions\\Handler->report()
#5 /home/pdawson/Projects/lightwave/testing/vendor/laravel/framework/src/Illuminate/Foundation/Console/Kernel.php(367): NunoMaduro\\Collision\\Adapters\\Laravel\\ExceptionHandler->report()
#6 /home/pdawson/Projects/lightwave/testing/vendor/laravel/framework/src/Illuminate/Foundation/Console/Kernel.php(131): Illuminate\\Foundation\\Console\\Kernel->reportException()
#7 /home/pdawson/Projects/lightwave/testing/vendor/laravel-zero/framework/src/Kernel.php(96): Illuminate\\Foundation\\Console\\Kernel->handle()
#8 /home/pdawson/Projects/lightwave/testing/testing(24): LaravelZero\\Framework\\Kernel->handle()
#9 {main}
"} 
[2022-03-08 21:35:58] laravel.ERROR: The "--ignore-platform-reqs" option does not exist. {"exception":"[object] (Symfony\\Component\\Console\\Exception\\RuntimeException(code: 0): The \"--ignore-platform-reqs\" option does not exist. at /home/pdawson/Projects/lightwave/testing/vendor/symfony/console/Input/ArgvInput.php:220)
[stacktrace]
#0 /home/pdawson/Projects/lightwave/testing/vendor/symfony/console/Input/ArgvInput.php(149): Symfony\\Component\\Console\\Input\\ArgvInput->addLongOption()
#1 /home/pdawson/Projects/lightwave/testing/vendor/symfony/console/Input/ArgvInput.php(82): Symfony\\Component\\Console\\Input\\ArgvInput->parseLongOption()
#2 /home/pdawson/Projects/lightwave/testing/vendor/symfony/console/Input/ArgvInput.php(71): Symfony\\Component\\Console\\Input\\ArgvInput->parseToken()
#3 /home/pdawson/Projects/lightwave/testing/vendor/symfony/console/Input/Input.php(55): Symfony\\Component\\Console\\Input\\ArgvInput->parse()
#4 /home/pdawson/Projects/lightwave/testing/vendor/symfony/console/Command/Command.php(250): Symfony\\Component\\Console\\Input\\Input->bind()
#5 /home/pdawson/Projects/lightwave/testing/vendor/laravel/framework/src/Illuminate/Console/Command.php(121): Symfony\\Component\\Console\\Command\\Command->run()
#6 /home/pdawson/Projects/lightwave/testing/vendor/symfony/console/Application.php(989): Illuminate\\Console\\Command->run()
#7 /home/pdawson/Projects/lightwave/testing/vendor/symfony/console/Application.php(299): Symfony\\Component\\Console\\Application->doRunCommand()
#8 /home/pdawson/Projects/lightwave/testing/vendor/symfony/console/Application.php(171): Symfony\\Component\\Console\\Application->doRun()
#9 /home/pdawson/Projects/lightwave/testing/vendor/laravel/framework/src/Illuminate/Console/Application.php(102): Symfony\\Component\\Console\\Application->run()
#10 /home/pdawson/Projects/lightwave/testing/vendor/laravel/framework/src/Illuminate/Foundation/Console/Kernel.php(129): Illuminate\\Console\\Application->run()
#11 /home/pdawson/Projects/lightwave/testing/vendor/laravel-zero/framework/src/Kernel.php(96): Illuminate\\Foundation\\Console\\Kernel->handle()
#12 /home/pdawson/Projects/lightwave/testing/testing(24): LaravelZero\\Framework\\Kernel->handle()
#13 {main}
"} 
[2022-03-08 21:47:46] laravel.EMERGENCY: Unable to create configured logger. Using emergency logger. {"exception":"[object] (InvalidArgumentException(code: 0): Log [default] is not defined. at /home/pdawson/Projects/lightwave/testing/vendor/laravel/framework/src/Illuminate/Log/LogManager.php:200)
[stacktrace]
#0 /home/pdawson/Projects/lightwave/testing/vendor/laravel/framework/src/Illuminate/Log/LogManager.php(125): Illuminate\\Log\\LogManager->resolve()
#1 /home/pdawson/Projects/lightwave/testing/vendor/laravel/framework/src/Illuminate/Log/LogManager.php(112): Illuminate\\Log\\LogManager->get()
#2 /home/pdawson/Projects/lightwave/testing/vendor/laravel/framework/src/Illuminate/Log/LogManager.php(590): Illuminate\\Log\\LogManager->driver()
#3 /home/pdawson/Projects/lightwave/testing/vendor/laravel-zero/foundation/src/Illuminate/Foundation/Exceptions/Handler.php(249): Illuminate\\Log\\LogManager->error()
#4 /home/pdawson/Projects/lightwave/testing/vendor/nunomaduro/collision/src/Adapters/Laravel/ExceptionHandler.php(46): Illuminate\\Foundation\\Exceptions\\Handler->report()
#5 /home/pdawson/Projects/lightwave/testing/vendor/laravel-zero/foundation/src/Illuminate/Foundation/Bootstrap/HandleExceptions.php(165): NunoMaduro\\Collision\\Adapters\\Laravel\\ExceptionHandler->report()
#6 /home/pdawson/Projects/lightwave/testing/vendor/laravel-zero/foundation/src/Illuminate/Foundation/Bootstrap/HandleExceptions.php(231): Illuminate\\Foundation\\Bootstrap\\HandleExceptions->handleException()
#7 [internal function]: Illuminate\\Foundation\\Bootstrap\\HandleExceptions->Illuminate\\Foundation\\Bootstrap\\{closure}()
#8 {main}
"} 
[2022-03-08 21:47:46] laravel.ERROR: Call to undefined method LaravelZero\Framework\Kernel::setName() {"exception":"[object] (Error(code: 0): Call to undefined method LaravelZero\\Framework\\Kernel::setName() at /home/pdawson/Projects/lightwave/testing/vendor/laravel/framework/src/Illuminate/Support/Facades/Facade.php:337)
[stacktrace]
#0 /home/pdawson/Projects/lightwave/testing/src/Providers/ApplicationServiceProvider.php(14): Illuminate\\Support\\Facades\\Facade::__callStatic()
#1 /home/pdawson/Projects/lightwave/testing/vendor/laravel/framework/src/Illuminate/Container/BoundMethod.php(36): Stematic\\Testing\\Providers\\ApplicationServiceProvider->boot()
#2 /home/pdawson/Projects/lightwave/testing/vendor/laravel/framework/src/Illuminate/Container/Util.php(41): Illuminate\\Container\\BoundMethod::Illuminate\\Container\\{closure}()
#3 /home/pdawson/Projects/lightwave/testing/vendor/laravel/framework/src/Illuminate/Container/BoundMethod.php(93): Illuminate\\Container\\Util::unwrapIfClosure()
#4 /home/pdawson/Projects/lightwave/testing/vendor/laravel/framework/src/Illuminate/Container/BoundMethod.php(37): Illuminate\\Container\\BoundMethod::callBoundMethod()
#5 /home/pdawson/Projects/lightwave/testing/vendor/laravel/framework/src/Illuminate/Container/Container.php(653): Illuminate\\Container\\BoundMethod::call()
#6 /home/pdawson/Projects/lightwave/testing/vendor/laravel-zero/foundation/src/Illuminate/Foundation/Application.php(934): Illuminate\\Container\\Container->call()
#7 /home/pdawson/Projects/lightwave/testing/vendor/laravel-zero/foundation/src/Illuminate/Foundation/Application.php(915): Illuminate\\Foundation\\Application->bootProvider()
#8 [internal function]: Illuminate\\Foundation\\Application->Illuminate\\Foundation\\{closure}()
#9 /home/pdawson/Projects/lightwave/testing/vendor/laravel-zero/foundation/src/Illuminate/Foundation/Application.php(916): array_walk()
#10 /home/pdawson/Projects/lightwave/testing/vendor/laravel-zero/foundation/src/Illuminate/Foundation/Bootstrap/BootProviders.php(17): Illuminate\\Foundation\\Application->boot()
#11 /home/pdawson/Projects/lightwave/testing/vendor/laravel-zero/foundation/src/Illuminate/Foundation/Application.php(245): Illuminate\\Foundation\\Bootstrap\\BootProviders->bootstrap()
#12 /home/pdawson/Projects/lightwave/testing/vendor/laravel-zero/foundation/src/Illuminate/Foundation/Console/Kernel.php(310): Illuminate\\Foundation\\Application->bootstrapWith()
#13 /home/pdawson/Projects/lightwave/testing/vendor/laravel-zero/framework/src/Kernel.php(135): Illuminate\\Foundation\\Console\\Kernel->bootstrap()
#14 /home/pdawson/Projects/lightwave/testing/vendor/laravel-zero/framework/src/Kernel.php(107): LaravelZero\\Framework\\Kernel->bootstrap()
#15 /home/pdawson/Projects/lightwave/testing/vendor/laravel-zero/framework/src/Kernel.php(94): LaravelZero\\Framework\\Kernel->ensureDefaultCommand()
#16 /home/pdawson/Projects/lightwave/testing/testing(24): LaravelZero\\Framework\\Kernel->handle()
#17 {main}
"} 
[2022-03-09 18:56:49] laravel.EMERGENCY: Unable to create configured logger. Using emergency logger. {"exception":"[object] (InvalidArgumentException(code: 0): Log [default] is not defined. at /home/pdawson/Projects/stematic/testing/vendor/laravel/framework/src/Illuminate/Log/LogManager.php:200)
[stacktrace]
#0 /home/pdawson/Projects/stematic/testing/vendor/laravel/framework/src/Illuminate/Log/LogManager.php(125): Illuminate\\Log\\LogManager->resolve()
#1 /home/pdawson/Projects/stematic/testing/vendor/laravel/framework/src/Illuminate/Log/LogManager.php(112): Illuminate\\Log\\LogManager->get()
#2 /home/pdawson/Projects/stematic/testing/vendor/laravel/framework/src/Illuminate/Log/LogManager.php(590): Illuminate\\Log\\LogManager->driver()
#3 /home/pdawson/Projects/stematic/testing/vendor/laravel-zero/foundation/src/Illuminate/Foundation/Exceptions/Handler.php(249): Illuminate\\Log\\LogManager->error()
#4 /home/pdawson/Projects/stematic/testing/vendor/laravel-zero/foundation/src/Illuminate/Foundation/Console/Kernel.php(367): Illuminate\\Foundation\\Exceptions\\Handler->report()
#5 /home/pdawson/Projects/stematic/testing/vendor/laravel-zero/foundation/src/Illuminate/Foundation/Console/Kernel.php(131): Illuminate\\Foundation\\Console\\Kernel->reportException()
#6 /home/pdawson/Projects/stematic/testing/vendor/laravel-zero/framework/src/Kernel.php(96): Illuminate\\Foundation\\Console\\Kernel->handle()
#7 /home/pdawson/Projects/stematic/testing/testing(24): LaravelZero\\Framework\\Kernel->handle()
#8 {main}
"} 
[2022-03-09 18:56:49] laravel.ERROR: There are no commands defined in the "summary" namespace. {"exception":"[object] (Symfony\\Component\\Console\\Exception\\NamespaceNotFoundException(code: 0): There are no commands defined in the \"summary\" namespace. at /home/pdawson/Projects/stematic/testing/vendor/symfony/console/Application.php:613)
[stacktrace]
#0 /home/pdawson/Projects/stematic/testing/vendor/symfony/console/Descriptor/ApplicationDescription.php(87): Symfony\\Component\\Console\\Application->findNamespace()
#1 /home/pdawson/Projects/stematic/testing/vendor/symfony/console/Descriptor/ApplicationDescription.php(64): Symfony\\Component\\Console\\Descriptor\\ApplicationDescription->inspectApplication()
#2 /home/pdawson/Projects/stematic/testing/vendor/symfony/console/Descriptor/XmlDescriptor.php(102): Symfony\\Component\\Console\\Descriptor\\ApplicationDescription->getCommands()
#3 /home/pdawson/Projects/stematic/testing/vendor/symfony/console/Descriptor/XmlDescriptor.php(160): Symfony\\Component\\Console\\Descriptor\\XmlDescriptor->getApplicationDocument()
#4 /home/pdawson/Projects/stematic/testing/vendor/symfony/console/Descriptor/Descriptor.php(55): Symfony\\Component\\Console\\Descriptor\\XmlDescriptor->describeApplication()
#5 /home/pdawson/Projects/stematic/testing/vendor/symfony/console/Helper/DescriptorHelper.php(65): Symfony\\Component\\Console\\Descriptor\\Descriptor->describe()
#6 /home/pdawson/Projects/stematic/testing/vendor/symfony/console/Command/ListCommand.php(75): Symfony\\Component\\Console\\Helper\\DescriptorHelper->describe()
#7 /home/pdawson/Projects/stematic/testing/vendor/nunomaduro/laravel-console-summary/src/SummaryCommand.php(60): Symfony\\Component\\Console\\Command\\ListCommand->execute()
#8 /home/pdawson/Projects/stematic/testing/vendor/symfony/console/Command/Command.php(291): NunoMaduro\\LaravelConsoleSummary\\SummaryCommand->execute()
#9 /home/pdawson/Projects/stematic/testing/vendor/symfony/console/Application.php(989): Symfony\\Component\\Console\\Command\\Command->run()
#10 /home/pdawson/Projects/stematic/testing/vendor/symfony/console/Application.php(299): Symfony\\Component\\Console\\Application->doRunCommand()
#11 /home/pdawson/Projects/stematic/testing/vendor/symfony/console/Application.php(171): Symfony\\Component\\Console\\Application->doRun()
#12 /home/pdawson/Projects/stematic/testing/vendor/laravel/framework/src/Illuminate/Console/Application.php(102): Symfony\\Component\\Console\\Application->run()
#13 /home/pdawson/Projects/stematic/testing/vendor/laravel-zero/foundation/src/Illuminate/Foundation/Console/Kernel.php(129): Illuminate\\Console\\Application->run()
#14 /home/pdawson/Projects/stematic/testing/vendor/laravel-zero/framework/src/Kernel.php(96): Illuminate\\Foundation\\Console\\Kernel->handle()
#15 /home/pdawson/Projects/stematic/testing/testing(24): LaravelZero\\Framework\\Kernel->handle()
#16 {main}
"} 
[2022-03-09 18:57:04] laravel.EMERGENCY: Unable to create configured logger. Using emergency logger. {"exception":"[object] (InvalidArgumentException(code: 0): Log [default] is not defined. at /home/pdawson/Projects/stematic/testing/vendor/laravel/framework/src/Illuminate/Log/LogManager.php:200)
[stacktrace]
#0 /home/pdawson/Projects/stematic/testing/vendor/laravel/framework/src/Illuminate/Log/LogManager.php(125): Illuminate\\Log\\LogManager->resolve()
#1 /home/pdawson/Projects/stematic/testing/vendor/laravel/framework/src/Illuminate/Log/LogManager.php(112): Illuminate\\Log\\LogManager->get()
#2 /home/pdawson/Projects/stematic/testing/vendor/laravel/framework/src/Illuminate/Log/LogManager.php(590): Illuminate\\Log\\LogManager->driver()
#3 /home/pdawson/Projects/stematic/testing/vendor/laravel-zero/foundation/src/Illuminate/Foundation/Exceptions/Handler.php(249): Illuminate\\Log\\LogManager->error()
#4 /home/pdawson/Projects/stematic/testing/vendor/laravel-zero/foundation/src/Illuminate/Foundation/Console/Kernel.php(367): Illuminate\\Foundation\\Exceptions\\Handler->report()
#5 /home/pdawson/Projects/stematic/testing/vendor/laravel-zero/foundation/src/Illuminate/Foundation/Console/Kernel.php(131): Illuminate\\Foundation\\Console\\Kernel->reportException()
#6 /home/pdawson/Projects/stematic/testing/vendor/laravel-zero/framework/src/Kernel.php(96): Illuminate\\Foundation\\Console\\Kernel->handle()
#7 /home/pdawson/Projects/stematic/testing/testing(24): LaravelZero\\Framework\\Kernel->handle()
#8 {main}
"} 
[2022-03-09 18:57:04] laravel.ERROR: The "--format" option requires a value. {"exception":"[object] (Symfony\\Component\\Console\\Exception\\RuntimeException(code: 0): The \"--format\" option requires a value. at /home/pdawson/Projects/stematic/testing/vendor/symfony/console/Input/ArgvInput.php:251)
[stacktrace]
#0 /home/pdawson/Projects/stematic/testing/vendor/symfony/console/Input/ArgvInput.php(149): Symfony\\Component\\Console\\Input\\ArgvInput->addLongOption()
#1 /home/pdawson/Projects/stematic/testing/vendor/symfony/console/Input/ArgvInput.php(82): Symfony\\Component\\Console\\Input\\ArgvInput->parseLongOption()
#2 /home/pdawson/Projects/stematic/testing/vendor/symfony/console/Input/ArgvInput.php(71): Symfony\\Component\\Console\\Input\\ArgvInput->parseToken()
#3 /home/pdawson/Projects/stematic/testing/vendor/symfony/console/Input/Input.php(55): Symfony\\Component\\Console\\Input\\ArgvInput->parse()
#4 /home/pdawson/Projects/stematic/testing/vendor/symfony/console/Command/Command.php(250): Symfony\\Component\\Console\\Input\\Input->bind()
#5 /home/pdawson/Projects/stematic/testing/vendor/symfony/console/Application.php(989): Symfony\\Component\\Console\\Command\\Command->run()
#6 /home/pdawson/Projects/stematic/testing/vendor/symfony/console/Application.php(299): Symfony\\Component\\Console\\Application->doRunCommand()
#7 /home/pdawson/Projects/stematic/testing/vendor/symfony/console/Application.php(171): Symfony\\Component\\Console\\Application->doRun()
#8 /home/pdawson/Projects/stematic/testing/vendor/laravel/framework/src/Illuminate/Console/Application.php(102): Symfony\\Component\\Console\\Application->run()
#9 /home/pdawson/Projects/stematic/testing/vendor/laravel-zero/foundation/src/Illuminate/Foundation/Console/Kernel.php(129): Illuminate\\Console\\Application->run()
#10 /home/pdawson/Projects/stematic/testing/vendor/laravel-zero/framework/src/Kernel.php(96): Illuminate\\Foundation\\Console\\Kernel->handle()
#11 /home/pdawson/Projects/stematic/testing/testing(24): LaravelZero\\Framework\\Kernel->handle()
#12 {main}
"} 
[2022-03-10 19:52:00] laravel.EMERGENCY: Unable to create configured logger. Using emergency logger. {"exception":"[object] (InvalidArgumentException(code: 0): Log [default] is not defined. at /home/pdawson/Projects/stematic/testing/vendor/laravel/framework/src/Illuminate/Log/LogManager.php:200)
[stacktrace]
#0 /home/pdawson/Projects/stematic/testing/vendor/laravel/framework/src/Illuminate/Log/LogManager.php(125): Illuminate\\Log\\LogManager->resolve()
#1 /home/pdawson/Projects/stematic/testing/vendor/laravel/framework/src/Illuminate/Log/LogManager.php(112): Illuminate\\Log\\LogManager->get()
#2 /home/pdawson/Projects/stematic/testing/vendor/laravel/framework/src/Illuminate/Log/LogManager.php(590): Illuminate\\Log\\LogManager->driver()
#3 /home/pdawson/Projects/stematic/testing/vendor/laravel/framework/src/Illuminate/Foundation/Exceptions/Handler.php(249): Illuminate\\Log\\LogManager->error()
#4 /home/pdawson/Projects/stematic/testing/vendor/laravel/framework/src/Illuminate/Foundation/Bootstrap/HandleExceptions.php(165): Illuminate\\Foundation\\Exceptions\\Handler->report()
#5 /home/pdawson/Projects/stematic/testing/vendor/laravel/framework/src/Illuminate/Foundation/Bootstrap/HandleExceptions.php(207): Illuminate\\Foundation\\Bootstrap\\HandleExceptions->handleException()
#6 /home/pdawson/Projects/stematic/testing/vendor/laravel/framework/src/Illuminate/Foundation/Bootstrap/HandleExceptions.php(231): Illuminate\\Foundation\\Bootstrap\\HandleExceptions->handleShutdown()
#7 [internal function]: Illuminate\\Foundation\\Bootstrap\\HandleExceptions->Illuminate\\Foundation\\Bootstrap\\{closure}()
#8 {main}
"} 
[2022-03-10 19:52:00] laravel.ERROR: Cannot declare class Stematic\Testing\Commands\MessDetectorCommand, because the name is already in use {"exception":"[object] (Symfony\\Component\\ErrorHandler\\Error\\FatalError(code: 0): Cannot declare class Stematic\\Testing\\Commands\\MessDetectorCommand, because the name is already in use at /home/pdawson/Projects/stematic/testing/src/Commands/PhpStanCopyConfigurationCommand.php:10)
[stacktrace]
#0 /home/pdawson/Projects/stematic/testing/vendor/laravel/framework/src/Illuminate/Foundation/Bootstrap/HandleExceptions.php(220): Symfony\\Component\\ErrorHandler\\Error\\FatalError->__construct(message: '...', code: '...', error: '...', traceOffset: '...', traceArgs: '...', trace: '...')
#1 /home/pdawson/Projects/stematic/testing/vendor/laravel/framework/src/Illuminate/Foundation/Bootstrap/HandleExceptions.php(207): Illuminate\\Foundation\\Bootstrap\\HandleExceptions->fatalErrorFromPhpError(error: '...', traceOffset: '...')
#2 /home/pdawson/Projects/stematic/testing/vendor/laravel/framework/src/Illuminate/Foundation/Bootstrap/HandleExceptions.php(231): Illuminate\\Foundation\\Bootstrap\\HandleExceptions->handleShutdown()
#3 /home/pdawson/Projects/stematic/testing/vendor/laravel/framework/src/Illuminate/Foundation/Bootstrap/HandleExceptions.php(0): Illuminate\\Foundation\\Bootstrap\\HandleExceptions->Illuminate\\Foundation\\Bootstrap\\{closure:/home/pdawson/Projects/stematic/testing/vendor/laravel/framework/src/Illuminate/Foundation/Bootstrap/HandleExceptions.php:230-232}()
#4 /home/pdawson/Projects/stematic/testing/vendor/composer/ClassLoader.php(571): ()
#5 /home/pdawson/Projects/stematic/testing/vendor/composer/ClassLoader.php(428): Composer\\Autoload\\includeFile(file: '...')
#6 /home/pdawson/Projects/stematic/testing/vendor/laravel/framework/src/Illuminate/Foundation/Console/Kernel.php(229): Composer\\Autoload\\ClassLoader->loadClass(class: '...')
#7 /home/pdawson/Projects/stematic/testing/vendor/laravel/framework/src/Illuminate/Foundation/Console/Kernel.php(229): is_subclass_of(object_or_class: '...', class: '...')
#8 /home/pdawson/Projects/stematic/testing/vendor/laravel-zero/framework/src/Kernel.php(155): LaravelZero\\Framework\\Kernel->load(paths: '...')
#9 /home/pdawson/Projects/stematic/testing/vendor/laravel/framework/src/Illuminate/Foundation/Console/Kernel.php(316): LaravelZero\\Framework\\Kernel->commands()
#10 /home/pdawson/Projects/stematic/testing/vendor/laravel-zero/framework/src/Kernel.php(135): LaravelZero\\Framework\\Kernel->bootstrap()
#11 /home/pdawson/Projects/stematic/testing/vendor/laravel-zero/framework/src/Kernel.php(107): LaravelZero\\Framework\\Kernel->bootstrap()
#12 /home/pdawson/Projects/stematic/testing/vendor/laravel-zero/framework/src/Kernel.php(94): LaravelZero\\Framework\\Kernel->ensureDefaultCommand(input: '...')
#13 /home/pdawson/Projects/stematic/testing/testing(24): LaravelZero\\Framework\\Kernel->handle(input: '...', output: '...')
#14 /home/pdawson/Projects/stematic/testing/testing(0): {main}()
#15 {main}
"} 
